g:\project\mlparser\mlparser\debug\vc141.pdb
g:\project\mlparser\mlparser\debug\vc141.idb
g:\project\mlparser\mlparser\debug\mlparser.obj
g:\project\mlparser\mlparser\debug\scanner_test.obj
g:\project\mlparser\mlparser\debug\test.obj
g:\project\mlparser\debug\mlparser.lib
g:\project\mlparser\debug\mlparser.exe
g:\project\mlparser\debug\mlparser.ilk
g:\project\mlparser\debug\mlparser.pdb
g:\project\mlparser\mlparser\debug\vcpkg.applocal.log
g:\project\mlparser\debug\mlparser.exp
g:\project\mlparser\mlparser\debug\mlparser.idb
g:\project\mlparser\mlparser\debug\mlparser.pdb
g:\project\mlparser\mlparser\debug\mlparser.tlog\cl.command.1.tlog
g:\project\mlparser\mlparser\debug\mlparser.tlog\cl.read.1.tlog
g:\project\mlparser\mlparser\debug\mlparser.tlog\cl.write.1.tlog
g:\project\mlparser\mlparser\debug\mlparser.tlog\lib-link.read.1.tlog
g:\project\mlparser\mlparser\debug\mlparser.tlog\lib-link.write.1.tlog
g:\project\mlparser\mlparser\debug\mlparser.tlog\lib.command.1.tlog
g:\project\mlparser\mlparser\debug\mlparser.tlog\link.282976.delete.1.tlog
g:\project\mlparser\mlparser\debug\mlparser.tlog\link.293880.delete.1.tlog
g:\project\mlparser\mlparser\debug\mlparser.tlog\link.296124.delete.1.tlog
g:\project\mlparser\mlparser\debug\mlparser.tlog\link.297284.delete.1.tlog
g:\project\mlparser\mlparser\debug\mlparser.tlog\link.297936.delete.1.tlog
g:\project\mlparser\mlparser\debug\mlparser.tlog\link.297996.delete.1.tlog
g:\project\mlparser\mlparser\debug\mlparser.tlog\link.298428.delete.1.tlog
g:\project\mlparser\mlparser\debug\mlparser.tlog\link.298852.delete.1.tlog
g:\project\mlparser\mlparser\debug\mlparser.tlog\link.command.1.tlog
g:\project\mlparser\mlparser\debug\mlparser.tlog\link.delete.1.tlog
g:\project\mlparser\mlparser\debug\mlparser.tlog\link.read.1.tlog
g:\project\mlparser\mlparser\debug\mlparser.tlog\link.write.1.tlog
g:\project\mlparser\mlparser\debug\mlparser.tlog\mlparser.write.1u.tlog
